rootcint -f TCapEvent_Dict.cxx -c  TCapEvent.hxx TCapEvent_LinkDef.h
rootcint -f TCapHit_Dict.cxx -c  TCapHit.hxx TCapHit_LinkDef.h
rootcint -f TCapPrimaryParticle_Dict.cxx -c  TCapPrimaryParticle.hxx TCapPrimaryParticle_LinkDef.h
rootcint -f TCapPrimaryVertex_Dict.cxx -c  TCapPrimaryVertex.hxx TCapPrimaryVertex_LinkDef.h
rootcint -f TCapTrack_Dict.cxx -c  TCapTrack.hxx TCapTrack_LinkDef.h
rootcint -f TCapTrajectory_Dict.cxx -c  TCapTrajectory.hxx TCapTrajectory_LinkDef.h
compiling TCapEvent.o...
g++ -O2 -Wall -fPIC -pthread -m64 -I/home/captain/software/LCGCMT/2.0.3/LCG_Settings/../EXTERNALS/ROOT/5.34.34/x86_64-linux-gcc44-opt/include -pthread -m64 -I/home/captain/software/LCGCMT/2.0.3/LCG_Settings/../EXTERNALS/ROOT/5.34.34/x86_64-linux-gcc44-opt/include -I/home/gold/captain/myProject/captRoot/src -c TCapEvent.cxx
rootcint -f TCapTruth_Dict.cxx -c  TCapTruth.hxx TCapTruth_LinkDef.h
compiling TCapHit.o...
g++ -O2 -Wall -fPIC -pthread -m64 -I/home/captain/software/LCGCMT/2.0.3/LCG_Settings/../EXTERNALS/ROOT/5.34.34/x86_64-linux-gcc44-opt/include -pthread -m64 -I/home/captain/software/LCGCMT/2.0.3/LCG_Settings/../EXTERNALS/ROOT/5.34.34/x86_64-linux-gcc44-opt/include -I/home/gold/captain/myProject/captRoot/src -c TCapHit.cxx
compiling TCapPrimaryParticle.o...
g++ -O2 -Wall -fPIC -pthread -m64 -I/home/captain/software/LCGCMT/2.0.3/LCG_Settings/../EXTERNALS/ROOT/5.34.34/x86_64-linux-gcc44-opt/include -pthread -m64 -I/home/captain/software/LCGCMT/2.0.3/LCG_Settings/../EXTERNALS/ROOT/5.34.34/x86_64-linux-gcc44-opt/include -I/home/gold/captain/myProject/captRoot/src -c TCapPrimaryParticle.cxx
compiling TCapPrimaryVertex.o...
g++ -O2 -Wall -fPIC -pthread -m64 -I/home/captain/software/LCGCMT/2.0.3/LCG_Settings/../EXTERNALS/ROOT/5.34.34/x86_64-linux-gcc44-opt/include -pthread -m64 -I/home/captain/software/LCGCMT/2.0.3/LCG_Settings/../EXTERNALS/ROOT/5.34.34/x86_64-linux-gcc44-opt/include -I/home/gold/captain/myProject/captRoot/src -c TCapPrimaryVertex.cxx
compiling TCapTrack.o...
g++ -O2 -Wall -fPIC -pthread -m64 -I/home/captain/software/LCGCMT/2.0.3/LCG_Settings/../EXTERNALS/ROOT/5.34.34/x86_64-linux-gcc44-opt/include -pthread -m64 -I/home/captain/software/LCGCMT/2.0.3/LCG_Settings/../EXTERNALS/ROOT/5.34.34/x86_64-linux-gcc44-opt/include -I/home/gold/captain/myProject/captRoot/src -c TCapTrack.cxx
compiling TCapTrajectory.o...
g++ -O2 -Wall -fPIC -pthread -m64 -I/home/captain/software/LCGCMT/2.0.3/LCG_Settings/../EXTERNALS/ROOT/5.34.34/x86_64-linux-gcc44-opt/include -pthread -m64 -I/home/captain/software/LCGCMT/2.0.3/LCG_Settings/../EXTERNALS/ROOT/5.34.34/x86_64-linux-gcc44-opt/include -I/home/gold/captain/myProject/captRoot/src -c TCapTrajectory.cxx
compiling TCapTruth.o...
g++ -O2 -Wall -fPIC -pthread -m64 -I/home/captain/software/LCGCMT/2.0.3/LCG_Settings/../EXTERNALS/ROOT/5.34.34/x86_64-linux-gcc44-opt/include -pthread -m64 -I/home/captain/software/LCGCMT/2.0.3/LCG_Settings/../EXTERNALS/ROOT/5.34.34/x86_64-linux-gcc44-opt/include -I/home/gold/captain/myProject/captRoot/src -c TCapTruth.cxx
g++ -shared -L/home/captain/software/LCGCMT/2.0.3/LCG_Settings/../EXTERNALS/ROOT/5.34.34/x86_64-linux-gcc44-opt/lib -lGui -lCore -lCint -lRIO -lNet -lHist -lGraf -lGraf3d -lGpad -lTree -lRint -lPostscript -lMatrix -lPhysics -lMathCore -lThread -pthread -lm -ldl -rdynamic   TCapEvent.o TCapHit.o TCapPrimaryParticle.o TCapPrimaryVertex.o TCapTrack.o TCapTrajectory.o TCapTruth.o TCapEvent_Dict.cxx TCapHit_Dict.cxx TCapPrimaryParticle_Dict.cxx TCapPrimaryVertex_Dict.cxx TCapTrack_Dict.cxx TCapTrajectory_Dict.cxx TCapTruth_Dict.cxx -o libcaptRoot.so 
TCapEvent_Dict.cxx:8:37: error: RConfig.h: No such file or directory
In file included from TCapEvent_Dict.cxx:17:
TCapEvent_Dict.h:18:19: error: G__ci.h: No such file or directory
TCapEvent_Dict.h:19:29: error: FastAllocString.h: No such file or directory
TCapEvent_Dict.h:32:21: error: TObject.h: No such file or directory
TCapEvent_Dict.h:33:30: error: TMemberInspector.h: No such file or directory
In file included from TCapEvent_Dict.h:34,
                 from TCapEvent_Dict.cxx:17:
TCapEvent.hxx:8:20: error: TNamed.h: No such file or directory
TCapEvent.hxx:9:19: error: TTree.h: No such file or directory
TCapEvent.hxx:11:23: error: TCapHit.hxx: No such file or directory
TCapEvent.hxx:12:25: error: TCapTrack.hxx: No such file or directory
TCapEvent_Dict.cxx:19:34: error: TCollectionProxyInfo.h: No such file or directory
TCapEvent_Dict.cxx:20:20: error: TClass.h: No such file or directory
TCapEvent_Dict.cxx:21:21: error: TBuffer.h: No such file or directory
TCapEvent_Dict.cxx:23:26: error: TInterpreter.h: No such file or directory
TCapEvent_Dict.cxx:24:27: error: TVirtualMutex.h: No such file or directory
TCapEvent_Dict.cxx:25:20: error: TError.h: No such file or directory
TCapEvent_Dict.cxx:31:23: error: RtypesImp.h: No such file or directory
TCapEvent_Dict.cxx:32:23: error: TIsAProxy.h: No such file or directory
TCapEvent_Dict.cxx:33:28: error: TFileMergeInfo.h: No such file or directory
In file included from TCapEvent_Dict.h:34,
                 from TCapEvent_Dict.cxx:17:
TCapEvent.hxx:22: error: expected class-name before ‘{’ token
TCapEvent.hxx:30: error: ‘Int_t’ does not name a type
TCapEvent.hxx:31: error: ‘Int_t’ does not name a type
TCapEvent.hxx:32: error: ‘Int_t’ does not name a type
TCapEvent.hxx:33: error: ‘ULong_t’ does not name a type
TCapEvent.hxx:34: error: ‘ULong_t’ does not name a type
TCapEvent.hxx:35: error: ‘TCapHit’ is not a member of ‘CP’
TCapEvent.hxx:35: error: ‘TCapHit’ is not a member of ‘CP’
TCapEvent.hxx:35: error: template argument 1 is invalid
TCapEvent.hxx:35: error: template argument 2 is invalid
TCapEvent.hxx:36: error: ‘TCapTrack’ is not a member of ‘CP’
TCapEvent.hxx:36: error: ‘TCapTrack’ is not a member of ‘CP’
TCapEvent.hxx:36: error: template argument 1 is invalid
TCapEvent.hxx:36: error: template argument 2 is invalid
TCapEvent.hxx:38: error: expected identifier before numeric constant
TCapEvent.hxx:38: error: expected ‘,’ or ‘...’ before numeric constant
TCapEvent.hxx:38: error: ISO C++ forbids declaration of ‘ClassDef’ with no type
TCapEvent.hxx:39: error: expected ‘;’ before ‘}’ token
TCapEvent.hxx:39: error: expected ‘;’ before ‘}’ token
In file included from TCapEvent_Dict.cxx:17:
TCapEvent_Dict.h:42: error: ‘G__linked_taginfo’ does not name a type
TCapEvent_Dict.h:43: error: ‘G__linked_taginfo’ does not name a type
TCapEvent_Dict.h:44: error: ‘G__linked_taginfo’ does not name a type
TCapEvent_Dict.h:45: error: ‘G__linked_taginfo’ does not name a type
TCapEvent_Dict.h:46: error: ‘G__linked_taginfo’ does not name a type
TCapEvent_Dict.h:47: error: ‘G__linked_taginfo’ does not name a type
TCapEvent_Dict.h:48: error: ‘G__linked_taginfo’ does not name a type
In file included from TCapEvent_Dict.cxx:17:
TCapEvent_Dict.h:49: error: ‘G__linked_taginfo’ does not name a type
TCapEvent_Dict.h:50: error: ‘G__linked_taginfo’ does not name a type
TCapEvent_Dict.h:51: error: ‘G__linked_taginfo’ does not name a type
TCapEvent_Dict.h:52: error: ‘G__linked_taginfo’ does not name a type
TCapEvent_Dict.h:53: error: ‘G__linked_taginfo’ does not name a type
TCapEvent_Dict.h:54: error: ‘G__linked_taginfo’ does not name a type
TCapEvent_Dict.h:55: error: ‘G__linked_taginfo’ does not name a type
TCapEvent_Dict.h:56: error: ‘G__linked_taginfo’ does not name a type
TCapEvent_Dict.h:57: error: ‘G__linked_taginfo’ does not name a type
TCapEvent_Dict.h:58: error: ‘G__linked_taginfo’ does not name a type
TCapEvent_Dict.h:59: error: ‘G__linked_taginfo’ does not name a type
TCapEvent_Dict.h:60: error: ‘G__linked_taginfo’ does not name a type
TCapEvent_Dict.h:61: error: ‘G__linked_taginfo’ does not name a type
TCapEvent_Dict.h:62: error: ‘G__linked_taginfo’ does not name a type
TCapEvent_Dict.h:63: error: ‘G__linked_taginfo’ does not name a type
TCapEvent_Dict.h:64: error: ‘G__linked_taginfo’ does not name a type
TCapEvent_Dict.h:65: error: ‘G__linked_taginfo’ does not name a type
TCapEvent_Dict.h:66: error: ‘G__linked_taginfo’ does not name a type
TCapEvent_Dict.h:67: error: ‘G__linked_taginfo’ does not name a type
TCapEvent_Dict.h:68: error: ‘G__linked_taginfo’ does not name a type
TCapEvent_Dict.h:69: error: ‘G__linked_taginfo’ does not name a type
TCapEvent_Dict.h:70: error: ‘G__linked_taginfo’ does not name a type
TCapEvent_Dict.h:71: error: ‘G__linked_taginfo’ does not name a type
TCapEvent_Dict.h:72: error: ‘G__linked_taginfo’ does not name a type
TCapEvent_Dict.h:73: error: ‘G__linked_taginfo’ does not name a type
TCapEvent_Dict.h:74: error: ‘G__linked_taginfo’ does not name a type
TCapEvent_Dict.h:75: error: ‘G__linked_taginfo’ does not name a type
TCapEvent_Dict.h:76: error: ‘G__linked_taginfo’ does not name a type
TCapEvent_Dict.h:77: error: ‘G__linked_taginfo’ does not name a type
TCapEvent_Dict.h:78: error: ‘G__linked_taginfo’ does not name a type
TCapEvent_Dict.h:79: error: ‘G__linked_taginfo’ does not name a type
TCapEvent_Dict.h:80: error: ‘G__linked_taginfo’ does not name a type
TCapEvent_Dict.h:81: error: ‘G__linked_taginfo’ does not name a type
TCapEvent_Dict.h:82: error: ‘G__linked_taginfo’ does not name a type
TCapEvent_Dict.h:83: error: ‘G__linked_taginfo’ does not name a type
TCapEvent_Dict.h:86: error: ‘TCapHit’ is not a member of ‘CP’
TCapEvent_Dict.h:86: error: ‘TCapHit’ is not a member of ‘CP’
TCapEvent_Dict.h:86: error: ‘TCapHit’ is not a member of ‘CP’
TCapEvent_Dict.h:86: error: ‘TCapHit’ is not a member of ‘CP’
TCapEvent_Dict.h:86: error: template argument 1 is invalid
TCapEvent_Dict.h:86: error: template argument 1 is invalid
TCapEvent_Dict.h:86: error: template argument 2 is invalid
TCapEvent_Dict.h:86: error: invalid type in declaration before ‘;’ token
TCapEvent_Dict.h:87: error: ‘TCapTrack’ is not a member of ‘CP’
TCapEvent_Dict.h:87: error: ‘TCapTrack’ is not a member of ‘CP’
TCapEvent_Dict.h:87: error: ‘TCapTrack’ is not a member of ‘CP’
TCapEvent_Dict.h:87: error: ‘TCapTrack’ is not a member of ‘CP’
TCapEvent_Dict.h:87: error: template argument 1 is invalid
TCapEvent_Dict.h:87: error: template argument 1 is invalid
TCapEvent_Dict.h:87: error: template argument 2 is invalid
TCapEvent_Dict.h:87: error: invalid type in declaration before ‘;’ token
TCapEvent_Dict.cxx: In constructor ‘<unnamed>::DictInit::DictInit()’:
TCapEvent_Dict.cxx:39: error: ‘ROOT’ has not been declared
TCapEvent_Dict.cxx: At global scope:
TCapEvent_Dict.cxx:53: error: ‘TMemberInspector’ has not been declared
TCapEvent_Dict.cxx:55: error: ‘Long_t’ was not declared in this scope
TCapEvent_Dict.cxx:55: error: expected primary-expression before ‘void’
TCapEvent_Dict.cxx:55: error: initializer expression list treated as compound expression
TCapEvent_Dict.cxx:61: error: ‘ROOT’ has not been declared
TCapEvent_Dict.cxx:61: error: expected initializer before ‘*’ token
TCapEvent_Dict.cxx:77: error: ‘ROOT’ has not been declared
TCapEvent_Dict.cxx:77: error: expected constructor, destructor, or type conversion before ‘*’ token
TCapEvent_Dict.cxx:82: error: ‘::ROOT’ has not been declared
TCapEvent_Dict.cxx:82: error: expected initializer before ‘*’ token
TCapEvent_Dict.cxx:82: error: expected constructor, destructor, or type conversion before ‘(’ token
TCapEvent_Dict.cxx:87: error: ‘atomic_TClass_ptr’ does not name a type
TCapEvent_Dict.cxx:90: error: no ‘const char* CP::TCapEvent::Class_Name()’ member function declared in class ‘CP::TCapEvent’
TCapEvent_Dict.cxx:96: error: no ‘const char* CP::TCapEvent::ImplFileName()’ member function declared in class ‘CP::TCapEvent’
TCapEvent_Dict.cxx:102: error: no ‘int CP::TCapEvent::ImplFileLine()’ member function declared in class ‘CP::TCapEvent’
TCapEvent_Dict.cxx:108: error: no ‘void CP::TCapEvent::Dictionary()’ member function declared in class ‘CP::TCapEvent’
TCapEvent_Dict.cxx:114: error: expected constructor, destructor, or type conversion before ‘*’ token
TCapEvent_Dict.cxx:305: error: expected ‘}’ before end of line
TCapEvent_Dict.cxx:305: error: expected declaration before end of line
TCapHit_Dict.cxx:8:37: error: RConfig.h: No such file or directory
In file included from TCapHit_Dict.cxx:17:
TCapHit_Dict.h:18:19: error: G__ci.h: No such file or directory
TCapHit_Dict.h:19:29: error: FastAllocString.h: No such file or directory
TCapHit_Dict.h:32:21: error: TObject.h: No such file or directory
TCapHit_Dict.h:33:30: error: TMemberInspector.h: No such file or directory
In file included from TCapHit_Dict.h:34,
                 from TCapHit_Dict.cxx:17:
TCapHit.hxx:8:20: error: TNamed.h: No such file or directory
TCapHit.hxx:9:19: error: TTree.h: No such file or directory
TCapHit_Dict.cxx:19:20: error: TClass.h: No such file or directory
TCapHit_Dict.cxx:20:21: error: TBuffer.h: No such file or directory
TCapHit_Dict.cxx:22:26: error: TInterpreter.h: No such file or directory
TCapHit_Dict.cxx:23:27: error: TVirtualMutex.h: No such file or directory
TCapHit_Dict.cxx:24:20: error: TError.h: No such file or directory
TCapHit_Dict.cxx:30:23: error: RtypesImp.h: No such file or directory
TCapHit_Dict.cxx:31:23: error: TIsAProxy.h: No such file or directory
TCapHit_Dict.cxx:32:28: error: TFileMergeInfo.h: No such file or directory
In file included from TCapHit_Dict.h:34,
                 from TCapHit_Dict.cxx:17:
TCapHit.hxx:21: error: expected class-name before ‘{’ token
TCapHit.hxx:29: error: ‘Int_t’ does not name a type
TCapHit.hxx:30: error: ‘Int_t’ does not name a type
TCapHit.hxx:31: error: ‘Int_t’ does not name a type
TCapHit.hxx:32: error: ‘Int_t’ does not name a type
TCapHit.hxx:33: error: ‘Int_t’ does not name a type
TCapHit.hxx:34: error: ‘Int_t’ does not name a type
TCapHit.hxx:35: error: ‘Int_t’ does not name a type
TCapHit.hxx:36: error: ‘Float_t’ does not name a type
TCapHit.hxx:37: error: ‘Float_t’ does not name a type
TCapHit.hxx:38: error: ‘Float_t’ does not name a type
TCapHit.hxx:39: error: ‘Float_t’ does not name a type
TCapHit.hxx:40: error: ‘Float_t’ does not name a type
TCapHit.hxx:41: error: ‘Float_t’ does not name a type
TCapHit.hxx:42: error: ‘Float_t’ does not name a type
TCapHit.hxx:43: error: ‘Float_t’ does not name a type
TCapHit.hxx:44: error: ‘Float_t’ does not name a type
TCapHit.hxx:45: error: ‘Float_t’ does not name a type
TCapHit.hxx:46: error: ‘Float_t’ does not name a type
TCapHit.hxx:47: error: ‘Float_t’ does not name a type
TCapHit.hxx:49: error: expected identifier before numeric constant
TCapHit.hxx:49: error: expected ‘,’ or ‘...’ before numeric constant
TCapHit.hxx:49: error: ISO C++ forbids declaration of ‘ClassDef’ with no type
TCapHit.hxx:50: error: expected ‘;’ before ‘}’ token
TCapHit.hxx:50: error: expected ‘;’ before ‘}’ token
In file included from TCapHit_Dict.cxx:17:
TCapHit_Dict.h:42: error: ‘G__linked_taginfo’ does not name a type
TCapHit_Dict.h:43: error: ‘G__linked_taginfo’ does not name a type
TCapHit_Dict.h:44: error: ‘G__linked_taginfo’ does not name a type
TCapHit_Dict.h:45: error: ‘G__linked_taginfo’ does not name a type
TCapHit_Dict.h:46: error: ‘G__linked_taginfo’ does not name a type
TCapHit_Dict.h:47: error: ‘G__linked_taginfo’ does not name a type
TCapHit_Dict.h:48: error: ‘G__linked_taginfo’ does not name a type
In file included from TCapHit_Dict.cxx:17:
TCapHit_Dict.h:49: error: ‘G__linked_taginfo’ does not name a type
TCapHit_Dict.h:50: error: ‘G__linked_taginfo’ does not name a type
TCapHit_Dict.h:51: error: ‘G__linked_taginfo’ does not name a type
TCapHit_Dict.h:52: error: ‘G__linked_taginfo’ does not name a type
TCapHit_Dict.h:53: error: ‘G__linked_taginfo’ does not name a type
TCapHit_Dict.h:54: error: ‘G__linked_taginfo’ does not name a type
TCapHit_Dict.cxx: In constructor ‘<unnamed>::DictInit::DictInit()’:
TCapHit_Dict.cxx:38: error: ‘ROOT’ has not been declared
TCapHit_Dict.cxx: At global scope:
TCapHit_Dict.cxx:52: error: ‘TMemberInspector’ has not been declared
TCapHit_Dict.cxx:54: error: ‘Long_t’ was not declared in this scope
TCapHit_Dict.cxx:54: error: expected primary-expression before ‘void’
TCapHit_Dict.cxx:54: error: initializer expression list treated as compound expression
TCapHit_Dict.cxx:60: error: ‘ROOT’ has not been declared
TCapHit_Dict.cxx:60: error: expected initializer before ‘*’ token
TCapHit_Dict.cxx:76: error: ‘ROOT’ has not been declared
TCapHit_Dict.cxx:76: error: expected constructor, destructor, or type conversion before ‘*’ token
TCapHit_Dict.cxx:81: error: ‘::ROOT’ has not been declared
TCapHit_Dict.cxx:81: error: expected initializer before ‘*’ token
TCapHit_Dict.cxx:81: error: expected constructor, destructor, or type conversion before ‘(’ token
TCapHit_Dict.cxx:86: error: ‘atomic_TClass_ptr’ does not name a type
TCapHit_Dict.cxx:89: error: no ‘const char* CP::TCapHit::Class_Name()’ member function declared in class ‘CP::TCapHit’
TCapHit_Dict.cxx:95: error: no ‘const char* CP::TCapHit::ImplFileName()’ member function declared in class ‘CP::TCapHit’
TCapHit_Dict.cxx:101: error: no ‘int CP::TCapHit::ImplFileLine()’ member function declared in class ‘CP::TCapHit’
TCapHit_Dict.cxx:107: error: no ‘void CP::TCapHit::Dictionary()’ member function declared in class ‘CP::TCapHit’
TCapHit_Dict.cxx:113: error: expected constructor, destructor, or type conversion before ‘*’ token
TCapHit_Dict.cxx:198: error: expected ‘}’ before end of line
TCapHit_Dict.cxx:198: error: expected declaration before end of line
TCapPrimaryParticle_Dict.cxx:8:37: error: RConfig.h: No such file or directory
In file included from TCapPrimaryParticle_Dict.cxx:17:
TCapPrimaryParticle_Dict.h:18:19: error: G__ci.h: No such file or directory
TCapPrimaryParticle_Dict.h:19:29: error: FastAllocString.h: No such file or directory
TCapPrimaryParticle_Dict.h:32:21: error: TObject.h: No such file or directory
TCapPrimaryParticle_Dict.h:33:30: error: TMemberInspector.h: No such file or directory
In file included from TCapPrimaryParticle_Dict.h:34,
                 from TCapPrimaryParticle_Dict.cxx:17:
TCapPrimaryParticle.hxx:8:28: error: TLorentzVector.h: No such file or directory
TCapPrimaryParticle_Dict.cxx:19:20: error: TClass.h: No such file or directory
TCapPrimaryParticle_Dict.cxx:20:21: error: TBuffer.h: No such file or directory
TCapPrimaryParticle_Dict.cxx:22:26: error: TInterpreter.h: No such file or directory
TCapPrimaryParticle_Dict.cxx:23:27: error: TVirtualMutex.h: No such file or directory
TCapPrimaryParticle_Dict.cxx:24:20: error: TError.h: No such file or directory
TCapPrimaryParticle_Dict.cxx:30:23: error: RtypesImp.h: No such file or directory
TCapPrimaryParticle_Dict.cxx:31:23: error: TIsAProxy.h: No such file or directory
TCapPrimaryParticle_Dict.cxx:32:28: error: TFileMergeInfo.h: No such file or directory
In file included from TCapPrimaryParticle_Dict.h:34,
                 from TCapPrimaryParticle_Dict.cxx:17:
TCapPrimaryParticle.hxx:20: error: expected class-name before ‘{’ token
TCapPrimaryParticle.hxx:27: error: ‘Int_t’ does not name a type
TCapPrimaryParticle.hxx:28: error: ‘Int_t’ does not name a type
TCapPrimaryParticle.hxx:29: error: ‘Int_t’ does not name a type
TCapPrimaryParticle.hxx:30: error: ‘Float_t’ does not name a type
TCapPrimaryParticle.hxx:31: error: ‘Int_t’ does not name a type
TCapPrimaryParticle.hxx:32: error: ‘TLorentzVector’ does not name a type
TCapPrimaryParticle.hxx:33: error: expected identifier before numeric constant
TCapPrimaryParticle.hxx:33: error: expected ‘,’ or ‘...’ before numeric constant
TCapPrimaryParticle.hxx:33: error: ISO C++ forbids declaration of ‘ClassDef’ with no type
TCapPrimaryParticle.hxx:34: error: expected ‘;’ before ‘}’ token
TCapPrimaryParticle.hxx:34: error: expected ‘;’ before ‘}’ token
In file included from TCapPrimaryParticle_Dict.cxx:17:
TCapPrimaryParticle_Dict.h:42: error: ‘G__linked_taginfo’ does not name a type
TCapPrimaryParticle_Dict.h:43: error: ‘G__linked_taginfo’ does not name a type
TCapPrimaryParticle_Dict.h:44: error: ‘G__linked_taginfo’ does not name a type
TCapPrimaryParticle_Dict.h:45: error: ‘G__linked_taginfo’ does not name a type
TCapPrimaryParticle_Dict.h:46: error: ‘G__linked_taginfo’ does not name a type
TCapPrimaryParticle_Dict.h:47: error: ‘G__linked_taginfo’ does not name a type
In file included from TCapPrimaryParticle_Dict.cxx:17:
TCapPrimaryParticle_Dict.h:48: error: ‘G__linked_taginfo’ does not name a type
TCapPrimaryParticle_Dict.h:49: error: ‘G__linked_taginfo’ does not name a type
TCapPrimaryParticle_Dict.h:50: error: ‘G__linked_taginfo’ does not name a type
TCapPrimaryParticle_Dict.h:51: error: ‘G__linked_taginfo’ does not name a type
TCapPrimaryParticle_Dict.h:52: error: ‘G__linked_taginfo’ does not name a type
TCapPrimaryParticle_Dict.h:53: error: ‘G__linked_taginfo’ does not name a type
TCapPrimaryParticle_Dict.h:54: error: ‘G__linked_taginfo’ does not name a type
TCapPrimaryParticle_Dict.h:55: error: ‘G__linked_taginfo’ does not name a type
TCapPrimaryParticle_Dict.h:56: error: ‘G__linked_taginfo’ does not name a type
TCapPrimaryParticle_Dict.h:57: error: ‘G__linked_taginfo’ does not name a type
TCapPrimaryParticle_Dict.h:58: error: ‘G__linked_taginfo’ does not name a type
TCapPrimaryParticle_Dict.h:59: error: ‘G__linked_taginfo’ does not name a type
TCapPrimaryParticle_Dict.h:60: error: ‘G__linked_taginfo’ does not name a type
TCapPrimaryParticle_Dict.h:61: error: ‘G__linked_taginfo’ does not name a type
TCapPrimaryParticle_Dict.h:62: error: ‘G__linked_taginfo’ does not name a type
TCapPrimaryParticle_Dict.h:63: error: ‘G__linked_taginfo’ does not name a type
TCapPrimaryParticle_Dict.h:64: error: ‘G__linked_taginfo’ does not name a type
TCapPrimaryParticle_Dict.h:65: error: ‘G__linked_taginfo’ does not name a type
TCapPrimaryParticle_Dict.h:66: error: ‘G__linked_taginfo’ does not name a type
TCapPrimaryParticle_Dict.h:67: error: ‘G__linked_taginfo’ does not name a type
TCapPrimaryParticle_Dict.h:68: error: ‘G__linked_taginfo’ does not name a type
TCapPrimaryParticle_Dict.h:69: error: ‘G__linked_taginfo’ does not name a type
TCapPrimaryParticle_Dict.h:70: error: ‘G__linked_taginfo’ does not name a type
TCapPrimaryParticle_Dict.h:71: error: ‘G__linked_taginfo’ does not name a type
TCapPrimaryParticle_Dict.h:72: error: ‘G__linked_taginfo’ does not name a type
TCapPrimaryParticle_Dict.h:73: error: ‘G__linked_taginfo’ does not name a type
TCapPrimaryParticle_Dict.cxx: In constructor ‘<unnamed>::DictInit::DictInit()’:
TCapPrimaryParticle_Dict.cxx:38: error: ‘ROOT’ has not been declared
TCapPrimaryParticle_Dict.cxx: At global scope:
TCapPrimaryParticle_Dict.cxx:52: error: ‘TMemberInspector’ has not been declared
TCapPrimaryParticle_Dict.cxx:54: error: ‘Long_t’ was not declared in this scope
TCapPrimaryParticle_Dict.cxx:54: error: expected primary-expression before ‘void’
TCapPrimaryParticle_Dict.cxx:54: error: initializer expression list treated as compound expression
TCapPrimaryParticle_Dict.cxx:60: error: ‘ROOT’ has not been declared
TCapPrimaryParticle_Dict.cxx:60: error: expected initializer before ‘*’ token
TCapPrimaryParticle_Dict.cxx:76: error: ‘ROOT’ has not been declared
TCapPrimaryParticle_Dict.cxx:76: error: expected constructor, destructor, or type conversion before ‘*’ token
TCapPrimaryParticle_Dict.cxx:81: error: ‘::ROOT’ has not been declared
TCapPrimaryParticle_Dict.cxx:81: error: expected initializer before ‘*’ token
TCapPrimaryParticle_Dict.cxx:81: error: expected constructor, destructor, or type conversion before ‘(’ token
TCapPrimaryParticle_Dict.cxx:86: error: ‘atomic_TClass_ptr’ does not name a type
TCapPrimaryParticle_Dict.cxx:89: error: no ‘const char* CP::TCapPrimaryParticle::Class_Name()’ member function declared in class ‘CP::TCapPrimaryParticle’
TCapPrimaryParticle_Dict.cxx:95: error: no ‘const char* CP::TCapPrimaryParticle::ImplFileName()’ member function declared in class ‘CP::TCapPrimaryParticle’
TCapPrimaryParticle_Dict.cxx:101: error: no ‘int CP::TCapPrimaryParticle::ImplFileLine()’ member function declared in class ‘CP::TCapPrimaryParticle’
TCapPrimaryParticle_Dict.cxx:107: error: no ‘void CP::TCapPrimaryParticle::Dictionary()’ member function declared in class ‘CP::TCapPrimaryParticle’
TCapPrimaryParticle_Dict.cxx:113: error: expected constructor, destructor, or type conversion before ‘*’ token
TCapPrimaryParticle_Dict.cxx:186: error: expected ‘}’ before end of line
TCapPrimaryParticle_Dict.cxx:186: error: expected declaration before end of line
TCapPrimaryVertex_Dict.cxx:8:37: error: RConfig.h: No such file or directory
In file included from TCapPrimaryVertex_Dict.cxx:17:
TCapPrimaryVertex_Dict.h:18:19: error: G__ci.h: No such file or directory
TCapPrimaryVertex_Dict.h:19:29: error: FastAllocString.h: No such file or directory
TCapPrimaryVertex_Dict.h:32:21: error: TObject.h: No such file or directory
TCapPrimaryVertex_Dict.h:33:30: error: TMemberInspector.h: No such file or directory
In file included from TCapPrimaryVertex_Dict.h:34,
                 from TCapPrimaryVertex_Dict.cxx:17:
TCapPrimaryVertex.hxx:8:28: error: TLorentzVector.h: No such file or directory
TCapPrimaryVertex_Dict.cxx:19:34: error: TCollectionProxyInfo.h: No such file or directory
TCapPrimaryVertex_Dict.cxx:20:20: error: TClass.h: No such file or directory
TCapPrimaryVertex_Dict.cxx:21:21: error: TBuffer.h: No such file or directory
TCapPrimaryVertex_Dict.cxx:23:26: error: TInterpreter.h: No such file or directory
TCapPrimaryVertex_Dict.cxx:24:27: error: TVirtualMutex.h: No such file or directory
TCapPrimaryVertex_Dict.cxx:25:20: error: TError.h: No such file or directory
TCapPrimaryVertex_Dict.cxx:31:23: error: RtypesImp.h: No such file or directory
TCapPrimaryVertex_Dict.cxx:32:23: error: TIsAProxy.h: No such file or directory
TCapPrimaryVertex_Dict.cxx:33:28: error: TFileMergeInfo.h: No such file or directory
In file included from TCapPrimaryVertex_Dict.h:34,
                 from TCapPrimaryVertex_Dict.cxx:17:
TCapPrimaryVertex.hxx:20: error: expected class-name before ‘{’ token
TCapPrimaryVertex.hxx:26: error: ‘Int_t’ does not name a type
TCapPrimaryVertex.hxx:27: error: ‘TLorentzVector’ does not name a type
TCapPrimaryVertex.hxx:28: error: ‘Int_t’ was not declared in this scope
TCapPrimaryVertex.hxx:28: error: template argument 1 is invalid
TCapPrimaryVertex.hxx:28: error: template argument 2 is invalid
TCapPrimaryVertex.hxx:30: error: expected identifier before numeric constant
TCapPrimaryVertex.hxx:30: error: expected ‘,’ or ‘...’ before numeric constant
TCapPrimaryVertex.hxx:30: error: ISO C++ forbids declaration of ‘ClassDef’ with no type
TCapPrimaryVertex.hxx:31: error: expected ‘;’ before ‘}’ token
TCapPrimaryVertex.hxx:31: error: expected ‘;’ before ‘}’ token
In file included from TCapPrimaryVertex_Dict.cxx:17:
TCapPrimaryVertex_Dict.h:42: error: ‘G__linked_taginfo’ does not name a type
TCapPrimaryVertex_Dict.h:43: error: ‘G__linked_taginfo’ does not name a type
TCapPrimaryVertex_Dict.h:44: error: ‘G__linked_taginfo’ does not name a type
TCapPrimaryVertex_Dict.h:45: error: ‘G__linked_taginfo’ does not name a type
TCapPrimaryVertex_Dict.h:46: error: ‘G__linked_taginfo’ does not name a type
TCapPrimaryVertex_Dict.h:47: error: ‘G__linked_taginfo’ does not name a type
In file included from TCapPrimaryVertex_Dict.cxx:17:
TCapPrimaryVertex_Dict.h:48: error: ‘G__linked_taginfo’ does not name a type
TCapPrimaryVertex_Dict.h:49: error: ‘G__linked_taginfo’ does not name a type
TCapPrimaryVertex_Dict.h:50: error: ‘G__linked_taginfo’ does not name a type
TCapPrimaryVertex_Dict.h:51: error: ‘G__linked_taginfo’ does not name a type
TCapPrimaryVertex_Dict.h:52: error: ‘G__linked_taginfo’ does not name a type
TCapPrimaryVertex_Dict.h:53: error: ‘G__linked_taginfo’ does not name a type
TCapPrimaryVertex_Dict.h:54: error: ‘G__linked_taginfo’ does not name a type
TCapPrimaryVertex_Dict.h:55: error: ‘G__linked_taginfo’ does not name a type
TCapPrimaryVertex_Dict.h:56: error: ‘G__linked_taginfo’ does not name a type
TCapPrimaryVertex_Dict.h:57: error: ‘G__linked_taginfo’ does not name a type
TCapPrimaryVertex_Dict.h:58: error: ‘G__linked_taginfo’ does not name a type
TCapPrimaryVertex_Dict.h:59: error: ‘G__linked_taginfo’ does not name a type
TCapPrimaryVertex_Dict.h:60: error: ‘G__linked_taginfo’ does not name a type
TCapPrimaryVertex_Dict.h:61: error: ‘G__linked_taginfo’ does not name a type
TCapPrimaryVertex_Dict.h:62: error: ‘G__linked_taginfo’ does not name a type
TCapPrimaryVertex_Dict.h:63: error: ‘G__linked_taginfo’ does not name a type
TCapPrimaryVertex_Dict.h:64: error: ‘G__linked_taginfo’ does not name a type
TCapPrimaryVertex_Dict.h:65: error: ‘G__linked_taginfo’ does not name a type
TCapPrimaryVertex_Dict.h:66: error: ‘G__linked_taginfo’ does not name a type
TCapPrimaryVertex_Dict.h:67: error: ‘G__linked_taginfo’ does not name a type
TCapPrimaryVertex_Dict.h:68: error: ‘G__linked_taginfo’ does not name a type
TCapPrimaryVertex_Dict.h:69: error: ‘G__linked_taginfo’ does not name a type
TCapPrimaryVertex_Dict.h:70: error: ‘G__linked_taginfo’ does not name a type
TCapPrimaryVertex_Dict.h:71: error: ‘G__linked_taginfo’ does not name a type
TCapPrimaryVertex_Dict.h:72: error: ‘G__linked_taginfo’ does not name a type
TCapPrimaryVertex_Dict.h:73: error: ‘G__linked_taginfo’ does not name a type
TCapPrimaryVertex_Dict.h:74: error: ‘G__linked_taginfo’ does not name a type
TCapPrimaryVertex_Dict.h:75: error: ‘G__linked_taginfo’ does not name a type
TCapPrimaryVertex_Dict.h:76: error: ‘G__linked_taginfo’ does not name a type
TCapPrimaryVertex_Dict.cxx: In constructor ‘<unnamed>::DictInit::DictInit()’:
TCapPrimaryVertex_Dict.cxx:39: error: ‘ROOT’ has not been declared
TCapPrimaryVertex_Dict.cxx: At global scope:
TCapPrimaryVertex_Dict.cxx:53: error: ‘TMemberInspector’ has not been declared
TCapPrimaryVertex_Dict.cxx:55: error: ‘Long_t’ was not declared in this scope
TCapPrimaryVertex_Dict.cxx:55: error: expected primary-expression before ‘void’
TCapPrimaryVertex_Dict.cxx:55: error: initializer expression list treated as compound expression
TCapPrimaryVertex_Dict.cxx:61: error: ‘ROOT’ has not been declared
TCapPrimaryVertex_Dict.cxx:61: error: expected initializer before ‘*’ token
TCapPrimaryVertex_Dict.cxx:77: error: ‘ROOT’ has not been declared
TCapPrimaryVertex_Dict.cxx:77: error: expected constructor, destructor, or type conversion before ‘*’ token
TCapPrimaryVertex_Dict.cxx:82: error: ‘::ROOT’ has not been declared
TCapPrimaryVertex_Dict.cxx:82: error: expected initializer before ‘*’ token
TCapPrimaryVertex_Dict.cxx:82: error: expected constructor, destructor, or type conversion before ‘(’ token
TCapPrimaryVertex_Dict.cxx:87: error: ‘atomic_TClass_ptr’ does not name a type
TCapPrimaryVertex_Dict.cxx:90: error: no ‘const char* CP::TCapPrimaryVertex::Class_Name()’ member function declared in class ‘CP::TCapPrimaryVertex’
TCapPrimaryVertex_Dict.cxx:96: error: no ‘const char* CP::TCapPrimaryVertex::ImplFileName()’ member function declared in class ‘CP::TCapPrimaryVertex’
TCapPrimaryVertex_Dict.cxx:102: error: no ‘int CP::TCapPrimaryVertex::ImplFileLine()’ member function declared in class ‘CP::TCapPrimaryVertex’
TCapPrimaryVertex_Dict.cxx:108: error: no ‘void CP::TCapPrimaryVertex::Dictionary()’ member function declared in class ‘CP::TCapPrimaryVertex’
TCapPrimaryVertex_Dict.cxx:114: error: expected constructor, destructor, or type conversion before ‘*’ token
TCapPrimaryVertex_Dict.cxx:243: error: expected ‘}’ before end of line
TCapPrimaryVertex_Dict.cxx:243: error: expected declaration before end of line
TCapTrack_Dict.cxx:8:37: error: RConfig.h: No such file or directory
In file included from TCapTrack_Dict.cxx:17:
TCapTrack_Dict.h:18:19: error: G__ci.h: No such file or directory
TCapTrack_Dict.h:19:29: error: FastAllocString.h: No such file or directory
TCapTrack_Dict.h:32:21: error: TObject.h: No such file or directory
TCapTrack_Dict.h:33:30: error: TMemberInspector.h: No such file or directory
In file included from TCapTrack_Dict.h:34,
                 from TCapTrack_Dict.cxx:17:
TCapTrack.hxx:9:20: error: TNamed.h: No such file or directory
TCapTrack.hxx:10:22: error: TVector3.h: No such file or directory
TCapTrack.hxx:11:28: error: TLorentzVector.h: No such file or directory
TCapTrack.hxx:12:23: error: TCapHit.hxx: No such file or directory
TCapTrack_Dict.cxx:19:34: error: TCollectionProxyInfo.h: No such file or directory
TCapTrack_Dict.cxx:20:20: error: TClass.h: No such file or directory
TCapTrack_Dict.cxx:21:21: error: TBuffer.h: No such file or directory
TCapTrack_Dict.cxx:23:26: error: TInterpreter.h: No such file or directory
TCapTrack_Dict.cxx:24:27: error: TVirtualMutex.h: No such file or directory
TCapTrack_Dict.cxx:25:20: error: TError.h: No such file or directory
TCapTrack_Dict.cxx:31:23: error: RtypesImp.h: No such file or directory
TCapTrack_Dict.cxx:32:23: error: TIsAProxy.h: No such file or directory
TCapTrack_Dict.cxx:33:28: error: TFileMergeInfo.h: No such file or directory
In file included from TCapTrack_Dict.h:34,
                 from TCapTrack_Dict.cxx:17:
TCapTrack.hxx:22: error: expected class-name before ‘{’ token
TCapTrack.hxx:33: error: ‘TLorentzVector’ does not name a type
TCapTrack.hxx:36: error: ‘TLorentzVector’ does not name a type
TCapTrack.hxx:51: error: ‘TVector3’ does not name a type
TCapTrack.hxx:69: error: ‘TCapHit’ is not a member of ‘CP’
TCapTrack.hxx:69: error: ‘TCapHit’ is not a member of ‘CP’
TCapTrack.hxx:69: error: template argument 1 is invalid
TCapTrack.hxx:69: error: template argument 2 is invalid
TCapTrack.hxx:71: error: expected identifier before numeric constant
TCapTrack.hxx:71: error: expected ‘,’ or ‘...’ before numeric constant
TCapTrack.hxx:71: error: ISO C++ forbids declaration of ‘ClassDef’ with no type
TCapTrack.hxx:72: error: expected ‘;’ before ‘}’ token
TCapTrack.hxx:72: error: expected ‘;’ before ‘}’ token
In file included from TCapTrack_Dict.cxx:17:
TCapTrack_Dict.h:42: error: ‘G__linked_taginfo’ does not name a type
TCapTrack_Dict.h:43: error: ‘G__linked_taginfo’ does not name a type
TCapTrack_Dict.h:44: error: ‘G__linked_taginfo’ does not name a type
TCapTrack_Dict.h:45: error: ‘G__linked_taginfo’ does not name a type
TCapTrack_Dict.h:46: error: ‘G__linked_taginfo’ does not name a type
TCapTrack_Dict.h:47: error: ‘G__linked_taginfo’ does not name a type
TCapTrack_Dict.h:48: error: ‘G__linked_taginfo’ does not name a type
In file included from TCapTrack_Dict.cxx:17:
TCapTrack_Dict.h:49: error: ‘G__linked_taginfo’ does not name a type
TCapTrack_Dict.h:50: error: ‘G__linked_taginfo’ does not name a type
TCapTrack_Dict.h:51: error: ‘G__linked_taginfo’ does not name a type
TCapTrack_Dict.h:52: error: ‘G__linked_taginfo’ does not name a type
TCapTrack_Dict.h:53: error: ‘G__linked_taginfo’ does not name a type
TCapTrack_Dict.h:54: error: ‘G__linked_taginfo’ does not name a type
TCapTrack_Dict.h:55: error: ‘G__linked_taginfo’ does not name a type
TCapTrack_Dict.h:56: error: ‘G__linked_taginfo’ does not name a type
TCapTrack_Dict.h:57: error: ‘G__linked_taginfo’ does not name a type
TCapTrack_Dict.h:58: error: ‘G__linked_taginfo’ does not name a type
TCapTrack_Dict.h:59: error: ‘G__linked_taginfo’ does not name a type
TCapTrack_Dict.h:60: error: ‘G__linked_taginfo’ does not name a type
TCapTrack_Dict.h:61: error: ‘G__linked_taginfo’ does not name a type
TCapTrack_Dict.h:62: error: ‘G__linked_taginfo’ does not name a type
TCapTrack_Dict.h:63: error: ‘G__linked_taginfo’ does not name a type
TCapTrack_Dict.h:64: error: ‘G__linked_taginfo’ does not name a type
TCapTrack_Dict.h:65: error: ‘G__linked_taginfo’ does not name a type
TCapTrack_Dict.h:66: error: ‘G__linked_taginfo’ does not name a type
TCapTrack_Dict.h:67: error: ‘G__linked_taginfo’ does not name a type
TCapTrack_Dict.h:68: error: ‘G__linked_taginfo’ does not name a type
TCapTrack_Dict.h:69: error: ‘G__linked_taginfo’ does not name a type
TCapTrack_Dict.h:70: error: ‘G__linked_taginfo’ does not name a type
TCapTrack_Dict.h:71: error: ‘G__linked_taginfo’ does not name a type
TCapTrack_Dict.h:72: error: ‘G__linked_taginfo’ does not name a type
TCapTrack_Dict.h:73: error: ‘G__linked_taginfo’ does not name a type
TCapTrack_Dict.h:74: error: ‘G__linked_taginfo’ does not name a type
TCapTrack_Dict.h:75: error: ‘G__linked_taginfo’ does not name a type
TCapTrack_Dict.h:76: error: ‘G__linked_taginfo’ does not name a type
TCapTrack_Dict.h:77: error: ‘G__linked_taginfo’ does not name a type
TCapTrack_Dict.h:78: error: ‘G__linked_taginfo’ does not name a type
TCapTrack_Dict.h:79: error: ‘G__linked_taginfo’ does not name a type
TCapTrack_Dict.h:80: error: ‘G__linked_taginfo’ does not name a type
TCapTrack_Dict.h:81: error: ‘G__linked_taginfo’ does not name a type
TCapTrack_Dict.h:84: error: ‘TCapHit’ is not a member of ‘CP’
TCapTrack_Dict.h:84: error: ‘TCapHit’ is not a member of ‘CP’
TCapTrack_Dict.h:84: error: ‘TCapHit’ is not a member of ‘CP’
TCapTrack_Dict.h:84: error: ‘TCapHit’ is not a member of ‘CP’
TCapTrack_Dict.h:84: error: template argument 1 is invalid
TCapTrack_Dict.h:84: error: template argument 1 is invalid
TCapTrack_Dict.h:84: error: template argument 2 is invalid
TCapTrack_Dict.h:84: error: invalid type in declaration before ‘;’ token
TCapTrack_Dict.cxx: In constructor ‘<unnamed>::DictInit::DictInit()’:
TCapTrack_Dict.cxx:39: error: ‘ROOT’ has not been declared
TCapTrack_Dict.cxx: At global scope:
TCapTrack_Dict.cxx:53: error: ‘TMemberInspector’ has not been declared
TCapTrack_Dict.cxx:55: error: ‘Long_t’ was not declared in this scope
TCapTrack_Dict.cxx:55: error: expected primary-expression before ‘void’
TCapTrack_Dict.cxx:55: error: initializer expression list treated as compound expression
TCapTrack_Dict.cxx:61: error: ‘ROOT’ has not been declared
TCapTrack_Dict.cxx:61: error: expected initializer before ‘*’ token
TCapTrack_Dict.cxx:77: error: ‘ROOT’ has not been declared
TCapTrack_Dict.cxx:77: error: expected constructor, destructor, or type conversion before ‘*’ token
TCapTrack_Dict.cxx:82: error: ‘::ROOT’ has not been declared
TCapTrack_Dict.cxx:82: error: expected initializer before ‘*’ token
TCapTrack_Dict.cxx:82: error: expected constructor, destructor, or type conversion before ‘(’ token
TCapTrack_Dict.cxx:87: error: ‘atomic_TClass_ptr’ does not name a type
TCapTrack_Dict.cxx:90: error: no ‘const char* CP::TCapTrack::Class_Name()’ member function declared in class ‘CP::TCapTrack’
TCapTrack_Dict.cxx:96: error: no ‘const char* CP::TCapTrack::ImplFileName()’ member function declared in class ‘CP::TCapTrack’
TCapTrack_Dict.cxx:102: error: no ‘int CP::TCapTrack::ImplFileLine()’ member function declared in class ‘CP::TCapTrack’
TCapTrack_Dict.cxx:108: error: no ‘void CP::TCapTrack::Dictionary()’ member function declared in class ‘CP::TCapTrack’
TCapTrack_Dict.cxx:114: error: expected constructor, destructor, or type conversion before ‘*’ token
TCapTrack_Dict.cxx:255: error: expected ‘}’ before end of line
TCapTrack_Dict.cxx:255: error: expected declaration before end of line
TCapTrajectory_Dict.cxx:8:37: error: RConfig.h: No such file or directory
In file included from TCapTrajectory_Dict.cxx:17:
TCapTrajectory_Dict.h:18:19: error: G__ci.h: No such file or directory
TCapTrajectory_Dict.h:19:29: error: FastAllocString.h: No such file or directory
TCapTrajectory_Dict.h:32:21: error: TObject.h: No such file or directory
TCapTrajectory_Dict.h:33:30: error: TMemberInspector.h: No such file or directory
In file included from TCapTrajectory_Dict.h:34,
                 from TCapTrajectory_Dict.cxx:17:
TCapTrajectory.hxx:8:28: error: TLorentzVector.h: No such file or directory
TCapTrajectory_Dict.cxx:19:34: error: TCollectionProxyInfo.h: No such file or directory
TCapTrajectory_Dict.cxx:20:20: error: TClass.h: No such file or directory
TCapTrajectory_Dict.cxx:21:21: error: TBuffer.h: No such file or directory
TCapTrajectory_Dict.cxx:23:26: error: TInterpreter.h: No such file or directory
TCapTrajectory_Dict.cxx:24:27: error: TVirtualMutex.h: No such file or directory
TCapTrajectory_Dict.cxx:25:20: error: TError.h: No such file or directory
TCapTrajectory_Dict.cxx:31:23: error: RtypesImp.h: No such file or directory
TCapTrajectory_Dict.cxx:32:23: error: TIsAProxy.h: No such file or directory
TCapTrajectory_Dict.cxx:33:28: error: TFileMergeInfo.h: No such file or directory
In file included from TCapTrajectory_Dict.h:34,
                 from TCapTrajectory_Dict.cxx:17:
TCapTrajectory.hxx:20: error: expected class-name before ‘{’ token
TCapTrajectory.hxx:27: error: ‘Int_t’ does not name a type
TCapTrajectory.hxx:28: error: ‘Int_t’ does not name a type
TCapTrajectory.hxx:29: error: ‘Int_t’ does not name a type
TCapTrajectory.hxx:30: error: ‘Int_t’ does not name a type
TCapTrajectory.hxx:31: error: ‘Float_t’ does not name a type
TCapTrajectory.hxx:32: error: ‘Int_t’ does not name a type
TCapTrajectory.hxx:34: error: ‘TLorentzVector’ was not declared in this scope
TCapTrajectory.hxx:34: error: template argument 1 is invalid
TCapTrajectory.hxx:34: error: template argument 2 is invalid
TCapTrajectory.hxx:35: error: ‘TVector3’ was not declared in this scope
TCapTrajectory.hxx:35: error: template argument 1 is invalid
TCapTrajectory.hxx:35: error: template argument 2 is invalid
TCapTrajectory.hxx:36: error: ‘Int_t’ was not declared in this scope
TCapTrajectory.hxx:36: error: template argument 1 is invalid
TCapTrajectory.hxx:36: error: template argument 2 is invalid
TCapTrajectory.hxx:37: error: expected identifier before numeric constant
TCapTrajectory.hxx:37: error: expected ‘,’ or ‘...’ before numeric constant
TCapTrajectory.hxx:37: error: ISO C++ forbids declaration of ‘ClassDef’ with no type
TCapTrajectory.hxx:38: error: expected ‘;’ before ‘}’ token
TCapTrajectory.hxx:38: error: expected ‘;’ before ‘}’ token
In file included from TCapTrajectory_Dict.cxx:17:
TCapTrajectory_Dict.h:42: error: ‘G__linked_taginfo’ does not name a type
TCapTrajectory_Dict.h:43: error: ‘G__linked_taginfo’ does not name a type
TCapTrajectory_Dict.h:44: error: ‘G__linked_taginfo’ does not name a type
TCapTrajectory_Dict.h:45: error: ‘G__linked_taginfo’ does not name a type
TCapTrajectory_Dict.h:46: error: ‘G__linked_taginfo’ does not name a type
TCapTrajectory_Dict.h:47: error: ‘G__linked_taginfo’ does not name a type
In file included from TCapTrajectory_Dict.cxx:17:
TCapTrajectory_Dict.h:48: error: ‘G__linked_taginfo’ does not name a type
TCapTrajectory_Dict.h:49: error: ‘G__linked_taginfo’ does not name a type
TCapTrajectory_Dict.h:50: error: ‘G__linked_taginfo’ does not name a type
TCapTrajectory_Dict.h:51: error: ‘G__linked_taginfo’ does not name a type
TCapTrajectory_Dict.h:52: error: ‘G__linked_taginfo’ does not name a type
TCapTrajectory_Dict.h:53: error: ‘G__linked_taginfo’ does not name a type
TCapTrajectory_Dict.h:54: error: ‘G__linked_taginfo’ does not name a type
TCapTrajectory_Dict.h:55: error: ‘G__linked_taginfo’ does not name a type
TCapTrajectory_Dict.h:56: error: ‘G__linked_taginfo’ does not name a type
TCapTrajectory_Dict.h:57: error: ‘G__linked_taginfo’ does not name a type
TCapTrajectory_Dict.h:58: error: ‘G__linked_taginfo’ does not name a type
TCapTrajectory_Dict.h:59: error: ‘G__linked_taginfo’ does not name a type
TCapTrajectory_Dict.h:60: error: ‘G__linked_taginfo’ does not name a type
TCapTrajectory_Dict.h:61: error: ‘G__linked_taginfo’ does not name a type
TCapTrajectory_Dict.h:62: error: ‘G__linked_taginfo’ does not name a type
TCapTrajectory_Dict.h:63: error: ‘G__linked_taginfo’ does not name a type
TCapTrajectory_Dict.h:64: error: ‘G__linked_taginfo’ does not name a type
TCapTrajectory_Dict.h:65: error: ‘G__linked_taginfo’ does not name a type
TCapTrajectory_Dict.h:66: error: ‘G__linked_taginfo’ does not name a type
TCapTrajectory_Dict.h:67: error: ‘G__linked_taginfo’ does not name a type
TCapTrajectory_Dict.h:68: error: ‘G__linked_taginfo’ does not name a type
TCapTrajectory_Dict.h:69: error: ‘G__linked_taginfo’ does not name a type
TCapTrajectory_Dict.h:70: error: ‘G__linked_taginfo’ does not name a type
TCapTrajectory_Dict.h:71: error: ‘G__linked_taginfo’ does not name a type
TCapTrajectory_Dict.h:72: error: ‘G__linked_taginfo’ does not name a type
TCapTrajectory_Dict.h:73: error: ‘G__linked_taginfo’ does not name a type
TCapTrajectory_Dict.h:74: error: ‘G__linked_taginfo’ does not name a type
TCapTrajectory_Dict.h:75: error: ‘G__linked_taginfo’ does not name a type
TCapTrajectory_Dict.h:76: error: ‘G__linked_taginfo’ does not name a type
TCapTrajectory_Dict.h:77: error: ‘G__linked_taginfo’ does not name a type
TCapTrajectory_Dict.h:78: error: ‘G__linked_taginfo’ does not name a type
TCapTrajectory_Dict.h:79: error: ‘G__linked_taginfo’ does not name a type
TCapTrajectory_Dict.h:80: error: ‘G__linked_taginfo’ does not name a type
TCapTrajectory_Dict.h:81: error: ‘G__linked_taginfo’ does not name a type
TCapTrajectory_Dict.h:82: error: ‘G__linked_taginfo’ does not name a type
TCapTrajectory_Dict.h:85: error: ‘TLorentzVector’ was not declared in this scope
TCapTrajectory_Dict.h:85: error: ‘TLorentzVector’ was not declared in this scope
TCapTrajectory_Dict.h:85: error: template argument 1 is invalid
TCapTrajectory_Dict.h:85: error: template argument 1 is invalid
TCapTrajectory_Dict.h:85: error: template argument 2 is invalid
TCapTrajectory_Dict.h:85: error: invalid type in declaration before ‘;’ token
TCapTrajectory_Dict.h:86: error: ‘TVector3’ was not declared in this scope
TCapTrajectory_Dict.h:86: error: ‘TVector3’ was not declared in this scope
TCapTrajectory_Dict.h:86: error: template argument 1 is invalid
TCapTrajectory_Dict.h:86: error: template argument 1 is invalid
TCapTrajectory_Dict.h:86: error: template argument 2 is invalid
TCapTrajectory_Dict.h:86: error: invalid type in declaration before ‘;’ token
TCapTrajectory_Dict.cxx: In constructor ‘<unnamed>::DictInit::DictInit()’:
TCapTrajectory_Dict.cxx:39: error: ‘ROOT’ has not been declared
TCapTrajectory_Dict.cxx: At global scope:
TCapTrajectory_Dict.cxx:53: error: ‘TMemberInspector’ has not been declared
TCapTrajectory_Dict.cxx:55: error: ‘Long_t’ was not declared in this scope
TCapTrajectory_Dict.cxx:55: error: expected primary-expression before ‘void’
TCapTrajectory_Dict.cxx:55: error: initializer expression list treated as compound expression
TCapTrajectory_Dict.cxx:61: error: ‘ROOT’ has not been declared
TCapTrajectory_Dict.cxx:61: error: expected initializer before ‘*’ token
TCapTrajectory_Dict.cxx:77: error: ‘ROOT’ has not been declared
TCapTrajectory_Dict.cxx:77: error: expected constructor, destructor, or type conversion before ‘*’ token
TCapTrajectory_Dict.cxx:82: error: ‘::ROOT’ has not been declared
TCapTrajectory_Dict.cxx:82: error: expected initializer before ‘*’ token
TCapTrajectory_Dict.cxx:82: error: expected constructor, destructor, or type conversion before ‘(’ token
TCapTrajectory_Dict.cxx:87: error: ‘atomic_TClass_ptr’ does not name a type
TCapTrajectory_Dict.cxx:90: error: no ‘const char* CP::TCapTrajectory::Class_Name()’ member function declared in class ‘CP::TCapTrajectory’
TCapTrajectory_Dict.cxx:96: error: no ‘const char* CP::TCapTrajectory::ImplFileName()’ member function declared in class ‘CP::TCapTrajectory’
TCapTrajectory_Dict.cxx:102: error: no ‘int CP::TCapTrajectory::ImplFileLine()’ member function declared in class ‘CP::TCapTrajectory’
TCapTrajectory_Dict.cxx:108: error: no ‘void CP::TCapTrajectory::Dictionary()’ member function declared in class ‘CP::TCapTrajectory’
TCapTrajectory_Dict.cxx:114: error: expected constructor, destructor, or type conversion before ‘*’ token
TCapTrajectory_Dict.cxx:366: error: expected ‘}’ before end of line
TCapTrajectory_Dict.cxx:366: error: expected declaration before end of line
TCapTruth_Dict.cxx:8:37: error: RConfig.h: No such file or directory
In file included from TCapTruth_Dict.cxx:17:
TCapTruth_Dict.h:18:19: error: G__ci.h: No such file or directory
TCapTruth_Dict.h:19:29: error: FastAllocString.h: No such file or directory
TCapTruth_Dict.h:32:21: error: TObject.h: No such file or directory
TCapTruth_Dict.h:33:30: error: TMemberInspector.h: No such file or directory
In file included from TCapTruth_Dict.h:34,
                 from TCapTruth_Dict.cxx:17:
TCapTruth.hxx:8:20: error: TNamed.h: No such file or directory
TCapTruth.hxx:9:19: error: TTree.h: No such file or directory
TCapTruth.hxx:11:30: error: TCapTrajectory.hxx: No such file or directory
TCapTruth.hxx:12:33: error: TCapPrimaryVertex.hxx: No such file or directory
TCapTruth.hxx:13:35: error: TCapPrimaryParticle.hxx: No such file or directory
TCapTruth_Dict.cxx:19:34: error: TCollectionProxyInfo.h: No such file or directory
TCapTruth_Dict.cxx:20:20: error: TClass.h: No such file or directory
TCapTruth_Dict.cxx:21:21: error: TBuffer.h: No such file or directory
TCapTruth_Dict.cxx:23:26: error: TInterpreter.h: No such file or directory
TCapTruth_Dict.cxx:24:27: error: TVirtualMutex.h: No such file or directory
TCapTruth_Dict.cxx:25:20: error: TError.h: No such file or directory
TCapTruth_Dict.cxx:31:23: error: RtypesImp.h: No such file or directory
TCapTruth_Dict.cxx:32:23: error: TIsAProxy.h: No such file or directory
TCapTruth_Dict.cxx:33:28: error: TFileMergeInfo.h: No such file or directory
In file included from TCapTruth_Dict.h:34,
                 from TCapTruth_Dict.cxx:17:
TCapTruth.hxx:23: error: expected class-name before ‘{’ token
TCapTruth.hxx:31: error: ‘Int_t’ does not name a type
TCapTruth.hxx:32: error: ‘Int_t’ does not name a type
TCapTruth.hxx:33: error: ‘Int_t’ does not name a type
TCapTruth.hxx:34: error: ‘TCapTrajectory’ is not a member of ‘CP’
TCapTruth.hxx:34: error: ‘TCapTrajectory’ is not a member of ‘CP’
TCapTruth.hxx:34: error: template argument 1 is invalid
TCapTruth.hxx:34: error: template argument 2 is invalid
TCapTruth.hxx:35: error: ‘TCapPrimaryVertex’ is not a member of ‘CP’
TCapTruth.hxx:35: error: ‘TCapPrimaryVertex’ is not a member of ‘CP’
TCapTruth.hxx:35: error: template argument 1 is invalid
TCapTruth.hxx:35: error: template argument 2 is invalid
TCapTruth.hxx:36: error: ‘TCapPrimaryParticle’ is not a member of ‘CP’
TCapTruth.hxx:36: error: ‘TCapPrimaryParticle’ is not a member of ‘CP’
TCapTruth.hxx:36: error: template argument 1 is invalid
TCapTruth.hxx:36: error: template argument 2 is invalid
TCapTruth.hxx:38: error: expected identifier before numeric constant
TCapTruth.hxx:38: error: expected ‘,’ or ‘...’ before numeric constant
TCapTruth.hxx:38: error: ISO C++ forbids declaration of ‘ClassDef’ with no type
TCapTruth.hxx:39: error: expected ‘;’ before ‘}’ token
TCapTruth.hxx:39: error: expected ‘;’ before ‘}’ token
In file included from TCapTruth_Dict.cxx:17:
TCapTruth_Dict.h:42: error: ‘G__linked_taginfo’ does not name a type
TCapTruth_Dict.h:43: error: ‘G__linked_taginfo’ does not name a type
TCapTruth_Dict.h:44: error: ‘G__linked_taginfo’ does not name a type
TCapTruth_Dict.h:45: error: ‘G__linked_taginfo’ does not name a type
TCapTruth_Dict.h:46: error: ‘G__linked_taginfo’ does not name a type
TCapTruth_Dict.h:47: error: ‘G__linked_taginfo’ does not name a type
TCapTruth_Dict.h:48: error: ‘G__linked_taginfo’ does not name a type
In file included from TCapTruth_Dict.cxx:17:
TCapTruth_Dict.h:49: error: ‘G__linked_taginfo’ does not name a type
TCapTruth_Dict.h:50: error: ‘G__linked_taginfo’ does not name a type
TCapTruth_Dict.h:51: error: ‘G__linked_taginfo’ does not name a type
TCapTruth_Dict.h:52: error: ‘G__linked_taginfo’ does not name a type
TCapTruth_Dict.h:53: error: ‘G__linked_taginfo’ does not name a type
TCapTruth_Dict.h:54: error: ‘G__linked_taginfo’ does not name a type
TCapTruth_Dict.h:55: error: ‘G__linked_taginfo’ does not name a type
TCapTruth_Dict.h:56: error: ‘G__linked_taginfo’ does not name a type
TCapTruth_Dict.h:57: error: ‘G__linked_taginfo’ does not name a type
TCapTruth_Dict.h:58: error: ‘G__linked_taginfo’ does not name a type
TCapTruth_Dict.h:59: error: ‘G__linked_taginfo’ does not name a type
TCapTruth_Dict.h:60: error: ‘G__linked_taginfo’ does not name a type
TCapTruth_Dict.h:61: error: ‘G__linked_taginfo’ does not name a type
TCapTruth_Dict.h:62: error: ‘G__linked_taginfo’ does not name a type
TCapTruth_Dict.h:63: error: ‘G__linked_taginfo’ does not name a type
TCapTruth_Dict.h:64: error: ‘G__linked_taginfo’ does not name a type
TCapTruth_Dict.h:65: error: ‘G__linked_taginfo’ does not name a type
TCapTruth_Dict.h:66: error: ‘G__linked_taginfo’ does not name a type
TCapTruth_Dict.h:67: error: ‘G__linked_taginfo’ does not name a type
TCapTruth_Dict.h:68: error: ‘G__linked_taginfo’ does not name a type
TCapTruth_Dict.h:69: error: ‘G__linked_taginfo’ does not name a type
TCapTruth_Dict.h:70: error: ‘G__linked_taginfo’ does not name a type
TCapTruth_Dict.h:71: error: ‘G__linked_taginfo’ does not name a type
TCapTruth_Dict.h:72: error: ‘G__linked_taginfo’ does not name a type
TCapTruth_Dict.h:73: error: ‘G__linked_taginfo’ does not name a type
TCapTruth_Dict.h:74: error: ‘G__linked_taginfo’ does not name a type
TCapTruth_Dict.h:75: error: ‘G__linked_taginfo’ does not name a type
TCapTruth_Dict.h:76: error: ‘G__linked_taginfo’ does not name a type
TCapTruth_Dict.h:77: error: ‘G__linked_taginfo’ does not name a type
TCapTruth_Dict.h:78: error: ‘G__linked_taginfo’ does not name a type
TCapTruth_Dict.h:79: error: ‘G__linked_taginfo’ does not name a type
TCapTruth_Dict.h:80: error: ‘G__linked_taginfo’ does not name a type
TCapTruth_Dict.h:81: error: ‘G__linked_taginfo’ does not name a type
TCapTruth_Dict.h:82: error: ‘G__linked_taginfo’ does not name a type
TCapTruth_Dict.h:83: error: ‘G__linked_taginfo’ does not name a type
TCapTruth_Dict.h:84: error: ‘G__linked_taginfo’ does not name a type
TCapTruth_Dict.h:85: error: ‘G__linked_taginfo’ does not name a type
TCapTruth_Dict.h:86: error: ‘G__linked_taginfo’ does not name a type
TCapTruth_Dict.h:87: error: ‘G__linked_taginfo’ does not name a type
TCapTruth_Dict.h:88: error: ‘G__linked_taginfo’ does not name a type
TCapTruth_Dict.h:89: error: ‘G__linked_taginfo’ does not name a type
TCapTruth_Dict.h:90: error: ‘G__linked_taginfo’ does not name a type
TCapTruth_Dict.h:91: error: ‘G__linked_taginfo’ does not name a type
TCapTruth_Dict.h:92: error: ‘G__linked_taginfo’ does not name a type
TCapTruth_Dict.h:93: error: ‘G__linked_taginfo’ does not name a type
TCapTruth_Dict.h:96: error: ‘TCapTrajectory’ is not a member of ‘CP’
TCapTruth_Dict.h:96: error: ‘TCapTrajectory’ is not a member of ‘CP’
TCapTruth_Dict.h:96: error: ‘TCapTrajectory’ is not a member of ‘CP’
TCapTruth_Dict.h:96: error: ‘TCapTrajectory’ is not a member of ‘CP’
TCapTruth_Dict.h:96: error: template argument 1 is invalid
TCapTruth_Dict.h:96: error: template argument 1 is invalid
TCapTruth_Dict.h:96: error: template argument 2 is invalid
TCapTruth_Dict.h:96: error: invalid type in declaration before ‘;’ token
TCapTruth_Dict.h:97: error: ‘TCapPrimaryVertex’ is not a member of ‘CP’
TCapTruth_Dict.h:97: error: ‘TCapPrimaryVertex’ is not a member of ‘CP’
TCapTruth_Dict.h:97: error: ‘TCapPrimaryVertex’ is not a member of ‘CP’
TCapTruth_Dict.h:97: error: ‘TCapPrimaryVertex’ is not a member of ‘CP’
TCapTruth_Dict.h:97: error: template argument 1 is invalid
TCapTruth_Dict.h:97: error: template argument 1 is invalid
TCapTruth_Dict.h:97: error: template argument 2 is invalid
TCapTruth_Dict.h:97: error: invalid type in declaration before ‘;’ token
TCapTruth_Dict.h:98: error: ‘TCapPrimaryParticle’ is not a member of ‘CP’
TCapTruth_Dict.h:98: error: ‘TCapPrimaryParticle’ is not a member of ‘CP’
TCapTruth_Dict.h:98: error: ‘TCapPrimaryParticle’ is not a member of ‘CP’
TCapTruth_Dict.h:98: error: ‘TCapPrimaryParticle’ is not a member of ‘CP’
TCapTruth_Dict.h:98: error: template argument 1 is invalid
TCapTruth_Dict.h:98: error: template argument 1 is invalid
TCapTruth_Dict.h:98: error: template argument 2 is invalid
TCapTruth_Dict.h:98: error: invalid type in declaration before ‘;’ token
TCapTruth_Dict.cxx: In constructor ‘<unnamed>::DictInit::DictInit()’:
TCapTruth_Dict.cxx:39: error: ‘ROOT’ has not been declared
TCapTruth_Dict.cxx: At global scope:
TCapTruth_Dict.cxx:53: error: ‘TMemberInspector’ has not been declared
TCapTruth_Dict.cxx:55: error: ‘Long_t’ was not declared in this scope
TCapTruth_Dict.cxx:55: error: expected primary-expression before ‘void’
TCapTruth_Dict.cxx:55: error: initializer expression list treated as compound expression
TCapTruth_Dict.cxx:61: error: ‘ROOT’ has not been declared
TCapTruth_Dict.cxx:61: error: expected initializer before ‘*’ token
TCapTruth_Dict.cxx:77: error: ‘ROOT’ has not been declared
TCapTruth_Dict.cxx:77: error: expected constructor, destructor, or type conversion before ‘*’ token
TCapTruth_Dict.cxx:82: error: ‘::ROOT’ has not been declared
TCapTruth_Dict.cxx:82: error: expected initializer before ‘*’ token
TCapTruth_Dict.cxx:82: error: expected constructor, destructor, or type conversion before ‘(’ token
TCapTruth_Dict.cxx:87: error: ‘atomic_TClass_ptr’ does not name a type
TCapTruth_Dict.cxx:90: error: no ‘const char* CP::TCapTruth::Class_Name()’ member function declared in class ‘CP::TCapTruth’
TCapTruth_Dict.cxx:96: error: no ‘const char* CP::TCapTruth::ImplFileName()’ member function declared in class ‘CP::TCapTruth’
TCapTruth_Dict.cxx:102: error: no ‘int CP::TCapTruth::ImplFileLine()’ member function declared in class ‘CP::TCapTruth’
TCapTruth_Dict.cxx:108: error: no ‘void CP::TCapTruth::Dictionary()’ member function declared in class ‘CP::TCapTruth’
TCapTruth_Dict.cxx:114: error: expected constructor, destructor, or type conversion before ‘*’ token
TCapTruth_Dict.cxx:363: error: expected ‘}’ before end of line
TCapTruth_Dict.cxx:363: error: expected declaration before end of line
make: *** [lib] Error 1
